2021-12-07 10:20:46,282 INFO org.springframework.boot.StartupInfoLogger [main] Starting LoggingdemoApplication using Java 17.0.1 on shrijans-MacBook-Air.local with PID 32210 (/Users/shrijan/Downloads/loggingdemo/target/classes started by shrijan in /Users/shrijan/Downloads/loggingdemo)
2021-12-07 10:20:46,291 DEBUG org.springframework.boot.StartupInfoLogger [main] Running with Spring Boot v2.6.1, Spring v5.3.13
2021-12-07 10:20:46,292 INFO org.springframework.boot.SpringApplication [main] No active profile set, falling back to default profiles: default
2021-12-07 10:20:47,767 INFO org.springframework.boot.web.embedded.tomcat.TomcatWebServer [main] Tomcat initialized with port(s): 8080 (http)
2021-12-07 10:20:47,776 INFO org.apache.juli.logging.DirectJDKLog [main] Initializing ProtocolHandler ["http-nio-8080"]
2021-12-07 10:20:47,777 INFO org.apache.juli.logging.DirectJDKLog [main] Starting service [Tomcat]
2021-12-07 10:20:47,777 INFO org.apache.juli.logging.DirectJDKLog [main] Starting Servlet engine: [Apache Tomcat/9.0.55]
2021-12-07 10:20:47,856 INFO org.apache.juli.logging.DirectJDKLog [main] Initializing Spring embedded WebApplicationContext
2021-12-07 10:20:47,856 INFO org.springframework.boot.web.servlet.context.ServletWebServerApplicationContext [main] Root WebApplicationContext: initialization completed in 1421 ms
2021-12-07 10:20:48,456 INFO org.apache.juli.logging.DirectJDKLog [main] Starting ProtocolHandler ["http-nio-8080"]
2021-12-07 10:20:48,543 INFO org.springframework.boot.web.embedded.tomcat.TomcatWebServer [main] Tomcat started on port(s): 8080 (http) with context path ''
2021-12-07 10:20:48,566 INFO org.springframework.boot.StartupInfoLogger [main] Started LoggingdemoApplication in 3.136 seconds (JVM running for 3.934)
2021-12-07 10:20:57,351 INFO org.apache.juli.logging.DirectJDKLog [http-nio-8080-exec-1] Initializing Spring DispatcherServlet 'dispatcherServlet'
2021-12-07 10:20:57,353 INFO org.springframework.web.servlet.FrameworkServlet [http-nio-8080-exec-1] Initializing Servlet 'dispatcherServlet'
2021-12-07 10:20:57,358 INFO org.springframework.web.servlet.FrameworkServlet [http-nio-8080-exec-1] Completed initialization in 5 ms
2021-12-07 10:20:57,399 TRACE com.example.loggingdemo.controller.LoggingController [http-nio-8080-exec-1] A TRACE Message
2021-12-07 10:20:57,401 DEBUG com.example.loggingdemo.controller.LoggingController [http-nio-8080-exec-1] A DEBUG Message
2021-12-07 10:20:57,401 INFO com.example.loggingdemo.controller.LoggingController [http-nio-8080-exec-1] An INFO Message
2021-12-07 10:20:57,402 WARN com.example.loggingdemo.controller.LoggingController [http-nio-8080-exec-1] A WARN Message
2021-12-07 10:20:57,402 ERROR com.example.loggingdemo.controller.LoggingController [http-nio-8080-exec-1] An ERROR Message
2021-12-07 10:20:59,644 TRACE com.example.loggingdemo.controller.LoggingController [http-nio-8080-exec-2] A TRACE Message
2021-12-07 10:20:59,647 DEBUG com.example.loggingdemo.controller.LoggingController [http-nio-8080-exec-2] A DEBUG Message
2021-12-07 10:20:59,648 INFO com.example.loggingdemo.controller.LoggingController [http-nio-8080-exec-2] An INFO Message
2021-12-07 10:20:59,649 WARN com.example.loggingdemo.controller.LoggingController [http-nio-8080-exec-2] A WARN Message
2021-12-07 10:20:59,649 ERROR com.example.loggingdemo.controller.LoggingController [http-nio-8080-exec-2] An ERROR Message
2021-12-07 10:27:33,592 INFO org.springframework.boot.StartupInfoLogger [main] Starting LoggingdemoApplication using Java 17.0.1 on shrijans-MacBook-Air.local with PID 32405 (/Users/shrijan/Downloads/loggingdemo/target/classes started by shrijan in /Users/shrijan/Downloads/loggingdemo)
2021-12-07 10:27:33,595 DEBUG org.springframework.boot.StartupInfoLogger [main] Running with Spring Boot v2.6.1, Spring v5.3.13
2021-12-07 10:27:33,595 INFO org.springframework.boot.SpringApplication [main] No active profile set, falling back to default profiles: default
2021-12-07 10:27:35,142 INFO org.springframework.boot.web.embedded.tomcat.TomcatWebServer [main] Tomcat initialized with port(s): 8080 (http)
2021-12-07 10:27:35,153 INFO org.apache.juli.logging.DirectJDKLog [main] Initializing ProtocolHandler ["http-nio-8080"]
2021-12-07 10:27:35,154 INFO org.apache.juli.logging.DirectJDKLog [main] Starting service [Tomcat]
2021-12-07 10:27:35,154 INFO org.apache.juli.logging.DirectJDKLog [main] Starting Servlet engine: [Apache Tomcat/9.0.55]
2021-12-07 10:27:35,225 INFO org.apache.juli.logging.DirectJDKLog [main] Initializing Spring embedded WebApplicationContext
2021-12-07 10:27:35,226 INFO org.springframework.boot.web.servlet.context.ServletWebServerApplicationContext [main] Root WebApplicationContext: initialization completed in 1472 ms
2021-12-07 10:27:35,759 INFO org.apache.juli.logging.DirectJDKLog [main] Starting ProtocolHandler ["http-nio-8080"]
2021-12-07 10:27:35,804 INFO org.springframework.boot.web.embedded.tomcat.TomcatWebServer [main] Tomcat started on port(s): 8080 (http) with context path ''
2021-12-07 10:27:35,831 INFO org.springframework.boot.StartupInfoLogger [main] Started LoggingdemoApplication in 3.201 seconds (JVM running for 3.916)
2021-12-07 10:27:51,482 INFO org.springframework.boot.StartupInfoLogger [main] Starting LoggingdemoApplication using Java 17.0.1 on shrijans-MacBook-Air.local with PID 32411 (/Users/shrijan/Downloads/loggingdemo/target/classes started by shrijan in /Users/shrijan/Downloads/loggingdemo)
2021-12-07 10:27:51,484 DEBUG org.springframework.boot.StartupInfoLogger [main] Running with Spring Boot v2.6.1, Spring v5.3.13
2021-12-07 10:27:51,485 INFO org.springframework.boot.SpringApplication [main] No active profile set, falling back to default profiles: default
2021-12-07 10:27:53,099 INFO org.springframework.boot.web.embedded.tomcat.TomcatWebServer [main] Tomcat initialized with port(s): 8080 (http)
2021-12-07 10:27:53,115 INFO org.apache.juli.logging.DirectJDKLog [main] Initializing ProtocolHandler ["http-nio-8080"]
2021-12-07 10:27:53,117 INFO org.apache.juli.logging.DirectJDKLog [main] Starting service [Tomcat]
2021-12-07 10:27:53,117 INFO org.apache.juli.logging.DirectJDKLog [main] Starting Servlet engine: [Apache Tomcat/9.0.55]
2021-12-07 10:27:53,193 INFO org.apache.juli.logging.DirectJDKLog [main] Initializing Spring embedded WebApplicationContext
2021-12-07 10:27:53,193 INFO org.springframework.boot.web.servlet.context.ServletWebServerApplicationContext [main] Root WebApplicationContext: initialization completed in 1579 ms
2021-12-07 10:27:53,766 INFO org.apache.juli.logging.DirectJDKLog [main] Starting ProtocolHandler ["http-nio-8080"]
2021-12-07 10:27:53,790 WARN org.springframework.context.support.AbstractApplicationContext [main] Exception encountered during context initialization - cancelling refresh attempt: org.springframework.context.ApplicationContextException: Failed to start bean 'webServerStartStop'; nested exception is org.springframework.boot.web.server.PortInUseException: Port 8080 is already in use
2021-12-07 10:27:53,795 INFO org.apache.juli.logging.DirectJDKLog [main] Pausing ProtocolHandler ["http-nio-8080"]
2021-12-07 10:27:53,795 INFO org.apache.juli.logging.DirectJDKLog [main] Stopping service [Tomcat]
2021-12-07 10:27:53,806 INFO org.apache.juli.logging.DirectJDKLog [main] Stopping ProtocolHandler ["http-nio-8080"]
2021-12-07 10:27:53,807 INFO org.apache.juli.logging.DirectJDKLog [main] Destroying ProtocolHandler ["http-nio-8080"]
2021-12-07 10:27:53,828 INFO org.springframework.boot.autoconfigure.logging.ConditionEvaluationReportLoggingListener [main] 

Error starting ApplicationContext. To display the conditions report re-run your application with 'debug' enabled.
2021-12-07 10:27:53,847 ERROR org.springframework.boot.diagnostics.LoggingFailureAnalysisReporter [main] 

***************************
APPLICATION FAILED TO START
***************************

Description:

Web server failed to start. Port 8080 was already in use.

Action:

Identify and stop the process that's listening on port 8080 or configure this application to listen on another port.

2021-12-07 10:28:21,211 INFO org.springframework.boot.StartupInfoLogger [main] Starting LoggingdemoApplication using Java 17.0.1 on shrijans-MacBook-Air.local with PID 32417 (/Users/shrijan/Downloads/loggingdemo/target/classes started by shrijan in /Users/shrijan/Downloads/loggingdemo)
2021-12-07 10:28:21,214 DEBUG org.springframework.boot.StartupInfoLogger [main] Running with Spring Boot v2.6.1, Spring v5.3.13
2021-12-07 10:28:21,215 INFO org.springframework.boot.SpringApplication [main] No active profile set, falling back to default profiles: default
2021-12-07 10:28:22,766 INFO org.springframework.boot.web.embedded.tomcat.TomcatWebServer [main] Tomcat initialized with port(s): 8080 (http)
2021-12-07 10:28:22,776 INFO org.apache.juli.logging.DirectJDKLog [main] Initializing ProtocolHandler ["http-nio-8080"]
2021-12-07 10:28:22,777 INFO org.apache.juli.logging.DirectJDKLog [main] Starting service [Tomcat]
2021-12-07 10:28:22,777 INFO org.apache.juli.logging.DirectJDKLog [main] Starting Servlet engine: [Apache Tomcat/9.0.55]
2021-12-07 10:28:22,859 INFO org.apache.juli.logging.DirectJDKLog [main] Initializing Spring embedded WebApplicationContext
2021-12-07 10:28:22,860 INFO org.springframework.boot.web.servlet.context.ServletWebServerApplicationContext [main] Root WebApplicationContext: initialization completed in 1497 ms
2021-12-07 10:28:23,461 INFO org.apache.juli.logging.DirectJDKLog [main] Starting ProtocolHandler ["http-nio-8080"]
2021-12-07 10:28:23,502 INFO org.springframework.boot.web.embedded.tomcat.TomcatWebServer [main] Tomcat started on port(s): 8080 (http) with context path ''
2021-12-07 10:28:23,523 INFO org.springframework.boot.StartupInfoLogger [main] Started LoggingdemoApplication in 3.128 seconds (JVM running for 3.762)
2021-12-07 23:45:36,523 INFO org.springframework.boot.StartupInfoLogger [main] Starting LoggingdemoApplicationTests using Java 17.0.1 on shrijans-MacBook-Air.local with PID 39233 (started by shrijan in /Users/shrijan/Downloads/loggingdemo)
2021-12-07 23:45:36,524 DEBUG org.springframework.boot.StartupInfoLogger [main] Running with Spring Boot v2.6.1, Spring v5.3.13
2021-12-07 23:45:36,524 INFO org.springframework.boot.SpringApplication [main] No active profile set, falling back to default profiles: default
2021-12-07 23:45:37,058 INFO org.springframework.boot.StartupInfoLogger [main] Started LoggingdemoApplicationTests in 0.853 seconds (JVM running for 1.229)
